c:\users\ktselios\source\repos\memoryrepo\konstantinostse\memory\memory\debug\vc142.pdb
c:\users\ktselios\source\repos\memoryrepo\konstantinostse\memory\memory\debug\vc142.idb
c:\users\ktselios\source\repos\memoryrepo\konstantinostse\memory\memory\debug\testflashreadwrite.obj
c:\users\ktselios\source\repos\memoryrepo\konstantinostse\memory\memory\debug\testcrccheck.obj
c:\users\ktselios\source\repos\memoryrepo\konstantinostse\memory\memory\debug\testbitwise.obj
c:\users\ktselios\source\repos\memoryrepo\konstantinostse\memory\memory\debug\nvmdriver.obj
c:\users\ktselios\source\repos\memoryrepo\konstantinostse\memory\memory\debug\memory.obj
c:\users\ktselios\source\repos\memoryrepo\konstantinostse\memory\memory\debug\debugfunctions.obj
c:\users\ktselios\source\repos\memoryrepo\konstantinostse\memory\memory\debug\dbinterface.obj
c:\users\ktselios\source\repos\memoryrepo\konstantinostse\memory\memory\debug\crccheck.obj
c:\users\ktselios\source\repos\memoryrepo\konstantinostse\memory\memory\debug\attributedatabase.obj
c:\users\ktselios\source\repos\memoryrepo\konstantinostse\memory\memory\debug\memory.ilk
c:\users\ktselios\source\repos\memoryrepo\konstantinostse\memory\memory\debug\memory.exe
c:\users\ktselios\source\repos\memoryrepo\konstantinostse\memory\memory\debug\memory.pdb
c:\users\ktselios\source\repos\memoryrepo\konstantinostse\memory\memory\debug\memory.tlog\cl.command.1.tlog
c:\users\ktselios\source\repos\memoryrepo\konstantinostse\memory\memory\debug\memory.tlog\cl.read.1.tlog
c:\users\ktselios\source\repos\memoryrepo\konstantinostse\memory\memory\debug\memory.tlog\cl.write.1.tlog
c:\users\ktselios\source\repos\memoryrepo\konstantinostse\memory\memory\debug\memory.tlog\link.command.1.tlog
c:\users\ktselios\source\repos\memoryrepo\konstantinostse\memory\memory\debug\memory.tlog\link.read.1.tlog
c:\users\ktselios\source\repos\memoryrepo\konstantinostse\memory\memory\debug\memory.tlog\link.write.1.tlog
